<?xml version="1.0" encoding="UTF-8"?>
<!-- Generated by org.testng.reporters.JUnitReportReporter -->
<testsuite ignored="0" hostname="DESKTOP-JMBU2QD" failures="0" tests="1" name="com.automatuon.testcases.ManagerTest" time="0.590" errors="0" timestamp="30 Dec 2022 18:02:31 GMT" skipped="0">
  <testcase classname="com.automatuon.testcases.ManagerTest" name="LoginManager" time="0.590"/>
</testsuite> <!-- com.automatuon.testcases.ManagerTest -->
