<?xml version="1.0" encoding="UTF-8"?>
<!-- Generated by org.testng.reporters.JUnitReportReporter -->
<testsuite ignored="0" hostname="DESKTOP-JMBU2QD" failures="0" tests="1" name="com.automatuon.testcases.LoginTest" time="0.512" errors="0" timestamp="30 Dec 2022 17:29:09 GMT" skipped="0">
  <testcase classname="com.automatuon.testcases.LoginTest" name="LoginApp" time="0.512"/>
</testsuite> <!-- com.automatuon.testcases.LoginTest -->
